0 info it worked if it ends with ok
1 verbose cli [ 'D:\\Workspace\\nodejs\\node.exe',
1 verbose cli   'D:\\Workspace\\nodejs\\node_modules\\npm\\bin\\npm-cli.js',
1 verbose cli   'install',
1 verbose cli   '-g',
1 verbose cli   'n',
1 verbose cli   'window' ]
2 info using npm@4.1.2
3 info using node@v7.6.0
4 silly loadCurrentTree Starting
5 silly install loadCurrentTree
6 silly install readGlobalPackageData
7 silly fetchPackageMetaData n
8 silly fetchPackageMetaData window
9 silly fetchNamedPackageData n
10 silly mapToRegistry name n
11 silly mapToRegistry using default registry
12 silly mapToRegistry registry https://registry.npmjs.org/
13 silly mapToRegistry data Result {
13 silly mapToRegistry   raw: 'n',
13 silly mapToRegistry   scope: null,
13 silly mapToRegistry   escapedName: 'n',
13 silly mapToRegistry   name: 'n',
13 silly mapToRegistry   rawSpec: '',
13 silly mapToRegistry   spec: 'latest',
13 silly mapToRegistry   type: 'tag' }
14 silly mapToRegistry uri https://registry.npmjs.org/n
15 silly fetchNamedPackageData window
16 silly mapToRegistry name window
17 silly mapToRegistry using default registry
18 silly mapToRegistry registry https://registry.npmjs.org/
19 silly mapToRegistry data Result {
19 silly mapToRegistry   raw: 'window',
19 silly mapToRegistry   scope: null,
19 silly mapToRegistry   escapedName: 'window',
19 silly mapToRegistry   name: 'window',
19 silly mapToRegistry   rawSpec: '',
19 silly mapToRegistry   spec: 'latest',
19 silly mapToRegistry   type: 'tag' }
20 silly mapToRegistry uri https://registry.npmjs.org/window
21 verbose request uri https://registry.npmjs.org/window
22 verbose request no auth needed
23 info attempt registry request try #1 at 09:57:19
24 verbose request id f13b7683921b9dd4
25 http request GET https://registry.npmjs.org/window
26 verbose request uri https://registry.npmjs.org/n
27 verbose request no auth needed
28 info attempt registry request try #1 at 09:57:19
29 verbose etag W/"a32b2b3f2025635b37d588f9f3078ae1"
30 verbose lastModified Mon, 11 Jun 2018 18:07:59 GMT
31 http request GET https://registry.npmjs.org/n
32 http 304 https://registry.npmjs.org/n
33 verbose headers { date: 'Mon, 16 Jul 2018 01:57:20 GMT',
33 verbose headers   connection: 'keep-alive',
33 verbose headers   'set-cookie': [ '__cfduid=d58a8c8606c9462b981f3e37bda66300b1531706240; expires=Tue, 16-Jul-19 01:57:20 GMT; path=/; domain=.registry.npmjs.org; HttpOnly' ],
33 verbose headers   'cache-control': 'max-age=300',
33 verbose headers   'cf-cache-status': 'HIT',
33 verbose headers   'cf-ray': '43b0db801bf353d2-LAX',
33 verbose headers   etag: '"a32b2b3f2025635b37d588f9f3078ae1"',
33 verbose headers   'expect-ct': 'max-age=604800, report-uri="https://report-uri.cloudflare.com/cdn-cgi/beacon/expect-ct"',
33 verbose headers   'last-modified': 'Mon, 11 Jun 2018 18:07:59 GMT',
33 verbose headers   vary: 'accept-encoding, accept',
33 verbose headers   server: 'cloudflare' }
34 silly get cb [ 304,
34 silly get   { date: 'Mon, 16 Jul 2018 01:57:20 GMT',
34 silly get     connection: 'keep-alive',
34 silly get     'set-cookie': [ '__cfduid=d58a8c8606c9462b981f3e37bda66300b1531706240; expires=Tue, 16-Jul-19 01:57:20 GMT; path=/; domain=.registry.npmjs.org; HttpOnly' ],
34 silly get     'cache-control': 'max-age=300',
34 silly get     'cf-cache-status': 'HIT',
34 silly get     'cf-ray': '43b0db801bf353d2-LAX',
34 silly get     etag: '"a32b2b3f2025635b37d588f9f3078ae1"',
34 silly get     'expect-ct': 'max-age=604800, report-uri="https://report-uri.cloudflare.com/cdn-cgi/beacon/expect-ct"',
34 silly get     'last-modified': 'Mon, 11 Jun 2018 18:07:59 GMT',
34 silly get     vary: 'accept-encoding, accept',
34 silly get     server: 'cloudflare' } ]
35 verbose etag https://registry.npmjs.org/n from cache
36 verbose get saving n to D:\Workspace\nodejs\node_cache\registry.npmjs.org\n\.cache.json
37 verbose correctMkdir D:\Workspace\nodejs\node_cache correctMkdir not in flight; initializing
38 http 200 https://registry.npmjs.org/window
39 verbose headers { date: 'Mon, 16 Jul 2018 01:57:20 GMT',
39 verbose headers   'content-type': 'application/json; charset=UTF-8',
39 verbose headers   'transfer-encoding': 'chunked',
39 verbose headers   connection: 'keep-alive',
39 verbose headers   'set-cookie': [ '__cfduid=dea5362460f7b12f908c480b2ffdb588a1531706239; expires=Tue, 16-Jul-19 01:57:19 GMT; path=/; domain=.registry.npmjs.org; HttpOnly' ],
39 verbose headers   'cache-control': 'max-age=300',
39 verbose headers   'cf-cache-status': 'REVALIDATED',
39 verbose headers   'cf-ray': '43b0db7ffc2b5372-LAX',
39 verbose headers   etag: 'W/"683196671ea7aa950bddfb6240f1e86e"',
39 verbose headers   'expect-ct': 'max-age=604800, report-uri="https://report-uri.cloudflare.com/cdn-cgi/beacon/expect-ct"',
39 verbose headers   'last-modified': 'Sun, 27 May 2018 22:00:21 GMT',
39 verbose headers   vary: 'accept-encoding, accept',
39 verbose headers   server: 'cloudflare',
39 verbose headers   'content-encoding': 'gzip' }
40 silly get cb [ 200,
40 silly get   { date: 'Mon, 16 Jul 2018 01:57:20 GMT',
40 silly get     'content-type': 'application/json; charset=UTF-8',
40 silly get     'transfer-encoding': 'chunked',
40 silly get     connection: 'keep-alive',
40 silly get     'set-cookie': [ '__cfduid=dea5362460f7b12f908c480b2ffdb588a1531706239; expires=Tue, 16-Jul-19 01:57:19 GMT; path=/; domain=.registry.npmjs.org; HttpOnly' ],
40 silly get     'cache-control': 'max-age=300',
40 silly get     'cf-cache-status': 'REVALIDATED',
40 silly get     'cf-ray': '43b0db7ffc2b5372-LAX',
40 silly get     etag: 'W/"683196671ea7aa950bddfb6240f1e86e"',
40 silly get     'expect-ct': 'max-age=604800, report-uri="https://report-uri.cloudflare.com/cdn-cgi/beacon/expect-ct"',
40 silly get     'last-modified': 'Sun, 27 May 2018 22:00:21 GMT',
40 silly get     vary: 'accept-encoding, accept',
40 silly get     server: 'cloudflare',
40 silly get     'content-encoding': 'gzip' } ]
41 verbose get saving window to D:\Workspace\nodejs\node_cache\registry.npmjs.org\window\.cache.json
42 verbose correctMkdir D:\Workspace\nodejs\node_cache correctMkdir not in flight; initializing
43 silly install normalizeTree
44 silly loadCurrentTree Finishing
45 silly loadIdealTree Starting
46 silly install loadIdealTree
47 silly cloneCurrentTree Starting
48 silly install cloneCurrentTreeToIdealTree
49 silly cloneCurrentTree Finishing
50 silly loadShrinkwrap Starting
51 silly install loadShrinkwrap
52 silly loadShrinkwrap Finishing
53 silly loadAllDepsIntoIdealTree Starting
54 silly install loadAllDepsIntoIdealTree
55 silly rollbackFailedOptional Starting
56 silly rollbackFailedOptional Finishing
57 silly runTopLevelLifecycles Finishing
58 silly install printInstalled
59 verbose stack Error: Unsupported platform for n@2.1.12: wanted {"name":"n","description":"Interactively Manage All Your Node Versions","version":"2.1.12","author":{"name":"TJ Holowaychuk","email":"tj@vision-media.ca"},"homepage":"https://github.com/tj/n","bugs":{"url":"https://github.com/tj/n/issues"},"contributors":[{"name":"Travis Webb","email":"me@traviswebb.com","url":"tjw.io"},{"name":"Nimit Kalra","email":"me@nimit.io","url":"http://nimit.io"},{"name":"Troy Connor","email":"troy0820@gmail.com","url":"https://github.com/troy0820"}],"keywords":["nvm","node","version","manager","switcher","node","binary","env"],"bin":{"n":"./bin/n"},"repository":{"type":"git","url":"git://github.com/tj/n.git"},"preferGlobal":true,"os":["!win32"],"engines":{"node":"*"},"license":"MIT","gitHead":"8ad6cd3bc76fc674f7faf3d8cf2f4d6e7d1849c3","_id":"n@2.1.12","_npmVersion":"6.0.1","_nodeVersion":"8.11.2","_npmUser":{"name":"troy0820","email":"troy0820@gmail.com"},"dist":{"integrity":"sha512-LbdmVo3utWB0njvNAsEHZxMesZmUBOH54VOzGpywqi03huCmi0bsSyigKCLrBxlnvlcz4Nahwt342f6w9YU3Cg==","shasum":"7bca5e103bfe3632d4c1a70dfaf9ecf774c18aed","tarball":"https://registry.npmjs.org/n/-/n-2.1.12.tgz","fileCount":7,"unpackedSize":30247,"npm-signature":"-----BEGIN PGP SIGNATURE-----\r\nVersion: OpenPGP.js v3.0.4\r\nComment: https://openpgpjs.org\r\n\r\nwsFcBAEBCAAQBQJbHrp7CRA9TVsSAnZWagAAB1sP/3rWkLGMALGKzwjTPOKg\nVTqCSUL3Az1ihVlgplTvMLauz3xNo7eu6NfDDWotQGm2S/CYT4s5cC++xK/r\nF92PvMFIdnI+YSHZTdLvZpryOvyhHMh5NYM3ARhIt3YIC7nOkTVFVa1XkuUI\n0sp+vmIZrUZvzIEihVwHVxb5INxZVMh8NB6WZxVstRNmOl0/SgnSK2NLM1qy\nr7pgMjJWICF42ltXwVlRKaqCKeRpNJAvSMxBHaDFbKgmoXd37d7BsDc/qv0+\nQJZ2oHyKInimnUxKfY6pw702SyoQKsZvWflkTlVxjEMOjjRpXRKERFiWrRTH\nxEuQ7Jz7SsMRERJetsTpKPnS+OTyxioXtJmod4+Qy2AV6LS7q+h5NxLEzli8\nLdlbJP0MTJECJryeAl0OJbInoybp3MBmyAZ045TUbqwS/nzQtxNuEAJXHiqK\nYDtoFQjASiAAkjavrdb9yXiuyPPDK4HTvhlD3vTnr29dpxTUSAauvZ+a8E/Z\n+iNRw2NrZuor97NJ9Eltt80GWYgsCNACQGcfYk+7BS7YsAmco/KCSYH7TjVT\nnX7r1FjkHCmLnkkveJvsyEY3E8xTc4/e7YCkJIdXBTNZUgMDUWFqzB8lIA5y\noMIfkxiTchZpY8m6jSmPta/UZU4LyixYnmYslLSNPhj7KSidOtP3peKowy9D\nAW+0\r\n=Tct9\r\n-----END PGP SIGNATURE-----\r\n"},"maintainers":[{"name":"bat","email":"ben@benatkin.com"},{"name":"qw3rtman","email":"me@nimit.io"},{"name":"tedgaydos","email":"tedgaydos@gmail.com"},{"name":"tjholowaychuk","email":"tj@vision-media.ca"},{"name":"tjwebb","email":"me@traviswebb.com"},{"name":"troy0820","email":"troy0820@gmail.com"}],"directories":{},"_npmOperationalInternal":{"host":"s3://npm-registry-packages","tmp":"tmp/n_2.1.12_1528740474170_0.4363494946487372"},"_from":"n","_resolved":"https://registry.npmjs.org/n/-/n-2.1.12.tgz","_shasum":"7bca5e103bfe3632d4c1a70dfaf9ecf774c18aed","_requested":{"raw":"n","scope":null,"escapedName":"n","name":"n","rawSpec":"","spec":"latest","type":"tag"},"_spec":"n","_where":"D:\\web代码\\vue-puzzle-master","_args":[[{"raw":"n","scope":null,"escapedName":"n","name":"n","rawSpec":"","spec":"latest","type":"tag"},"D:\\web代码\\vue-puzzle-master"]],"readme":"ERROR: No README data found!"} (current: {"os":"win32","cpu":"x64"})
59 verbose stack     at checkPlatform (D:\Workspace\nodejs\node_modules\npm\node_modules\npm-install-checks\index.js:45:14)
59 verbose stack     at thenWarnEngineIssues (D:\Workspace\nodejs\node_modules\npm\lib\install\validate-args.js:41:5)
59 verbose stack     at D:\Workspace\nodejs\node_modules\npm\node_modules\iferr\index.js:13:50
59 verbose stack     at checkEngine (D:\Workspace\nodejs\node_modules\npm\node_modules\npm-install-checks\index.js:24:10)
59 verbose stack     at module.exports.isInstallable (D:\Workspace\nodejs\node_modules\npm\lib\install\validate-args.js:38:3)
59 verbose stack     at Array.<anonymous> (D:\Workspace\nodejs\node_modules\npm\node_modules\slide\lib\bind-actor.js:15:8)
59 verbose stack     at LOOP (D:\Workspace\nodejs\node_modules\npm\node_modules\slide\lib\chain.js:15:14)
59 verbose stack     at D:\Workspace\nodejs\node_modules\npm\node_modules\slide\lib\chain.js:18:7
59 verbose stack     at checkSelf (D:\Workspace\nodejs\node_modules\npm\lib\install\validate-args.js:46:72)
59 verbose stack     at Array.<anonymous> (D:\Workspace\nodejs\node_modules\npm\node_modules\slide\lib\bind-actor.js:15:8)
60 verbose pkgid n@2.1.12
61 verbose cwd D:\web代码\vue-puzzle-master
62 error Windows_NT 10.0.17134
63 error argv "D:\\Workspace\\nodejs\\node.exe" "D:\\Workspace\\nodejs\\node_modules\\npm\\bin\\npm-cli.js" "install" "-g" "n" "window"
64 error node v7.6.0
65 error npm  v4.1.2
66 error code EBADPLATFORM
67 error notsup Unsupported platform for n@2.1.12: wanted {"os":"!win32","arch":"any"} (current: {"os":"win32","arch":"x64"})
68 error notsup Valid OS:    !win32
68 error notsup Valid Arch:  any
68 error notsup Actual OS:   win32
68 error notsup Actual Arch: x64
69 verbose exit [ 1, true ]
